
> frontend@0.1.0 test
> jest --runInBand --coverage

FAIL lib/utils.test.ts
  ● address helpers › validateAddress covers catch path when getAddress throws

    expect(received).toBe(expected) // Object.is equality

    Expected: true
    Received: false

      82 |     jest.spyOn(console, 'error').mockImplementation(() => {})
      83 |     const badButCorrectLength = '0x' + 'f'.repeat(38) + 'zz'
    > 84 |     expect(isValidAddress(badButCorrectLength)).toBe(true)
         |                                                 ^
      85 |     expect(validateAddress(badButCorrectLength)).toBeTruthy()
      86 |   })
      87 |

      at Object.toBe (lib/utils.test.ts:84:49)

PASS components/ui/__tests__/dialog.test.tsx
PASS components/ui/__tests__/DashboardCards.test.tsx
PASS __tests__/a11y/accessibility.test.tsx
PASS hooks/__tests__/useVaultHooks.test.ts
PASS components/ui/__tests__/tabs.test.tsx
PASS components/ui/dialog.test.tsx
PASS components/ui/__tests__/card.test.tsx
PASS components/ui/__tests__/Skeleton.test.tsx
PASS components/ui/__tests__/EmptyState.test.tsx
PASS hooks/__tests__/useMerchantStatus.test.ts
PASS hooks/useProofScore.test.ts
PASS components/ui/__tests__/ProgressSteps.test.tsx
PASS __tests__/governance-integration.test.tsx
PASS hooks/__tests__/useProofScore.test.ts
PASS components/ui/__tests__/progress.test.tsx
PASS components/ui/__tests__/button.test.tsx
PASS components/__tests__/DemoModeBanner.test.tsx
PASS components/ui/__tests__/alert.test.tsx
PASS lib/__tests__/utils.test.ts
PASS __tests__/comprehensive-coverage.test.ts
PASS __tests__/gamification.test.tsx
PASS __tests__/e2e-smoke-tests.test.tsx
PASS hooks/__tests__/useVFIDEBalance.test.ts
PASS __tests__/payroll-token-selection.test.tsx
PASS __tests__/governance-enhanced.test.tsx
PASS __tests__/integration-coverage.test.ts
PASS lib/__tests__/price-utils.test.ts
PASS __tests__/gamification-integration.test.tsx
PASS __tests__/app-pages-coverage.test.ts
-----------------------|---------|----------|---------|---------|-------------------
File                   | % Stmts | % Branch | % Funcs | % Lines | Uncovered Line #s 
-----------------------|---------|----------|---------|---------|-------------------
All files              |   97.81 |    95.53 |   98.85 |   98.34 |                   
 components            |     100 |      100 |     100 |     100 |                   
  DemoModeBanner.tsx   |     100 |      100 |     100 |     100 |                   
 components/ui         |   98.09 |      100 |     100 |   97.87 |                   
  DashboardCards.tsx   |     100 |      100 |     100 |     100 |                   
  EmptyState.tsx       |     100 |      100 |     100 |     100 |                   
  ProgressSteps.tsx    |     100 |      100 |     100 |     100 |                   
  Skeleton.tsx         |     100 |      100 |     100 |     100 |                   
  alert.tsx            |     100 |      100 |     100 |     100 |                   
  button.tsx           |     100 |      100 |     100 |     100 |                   
  card.tsx             |     100 |      100 |     100 |     100 |                   
  dialog.tsx           |   91.66 |      100 |     100 |   91.66 | 110,112           
  progress.tsx         |     100 |      100 |     100 |     100 |                   
  tabs.tsx             |     100 |      100 |     100 |     100 |                   
 hooks                 |   98.42 |    97.69 |   97.14 |    98.4 |                   
  useMerchantStatus.ts |     100 |      100 |     100 |     100 |                   
  useProofScore.ts     |     100 |      100 |     100 |     100 |                   
  useVFIDEBalance.ts   |     100 |      100 |     100 |     100 |                   
  useVaultHooks.ts     |      98 |    96.42 |   96.29 |   97.97 | 224-226           
 lib                   |   96.77 |    89.28 |     100 |   98.49 |                   
  price-utils.ts       |     100 |      100 |     100 |     100 |                   
  utils.ts             |   96.32 |     87.5 |     100 |   98.29 | 156,378           
-----------------------|---------|----------|---------|---------|-------------------

Summary of all failing tests
FAIL lib/utils.test.ts
  ● address helpers › validateAddress covers catch path when getAddress throws

    expect(received).toBe(expected) // Object.is equality

    Expected: true
    Received: false

      82 |     jest.spyOn(console, 'error').mockImplementation(() => {})
      83 |     const badButCorrectLength = '0x' + 'f'.repeat(38) + 'zz'
    > 84 |     expect(isValidAddress(badButCorrectLength)).toBe(true)
         |                                                 ^
      85 |     expect(validateAddress(badButCorrectLength)).toBeTruthy()
      86 |   })
      87 |

      at Object.toBe (lib/utils.test.ts:84:49)


Test Suites: 1 failed, 29 passed, 30 total
Tests:       1 failed, 642 passed, 643 total
Snapshots:   0 total
Time:        7.204 s
Ran all test suites.
