
> frontend@0.1.0 lint
> eslint


/workspaces/Vfide/frontend/__tests__/app-pages-coverage.test.ts
    2:10  warning  'render' is defined but never used    @typescript-eslint/no-unused-vars
  113:27  warning  'formData' is defined but never used  @typescript-eslint/no-unused-vars

/workspaces/Vfide/frontend/__tests__/comprehensive-coverage.test.ts
  3:10  warning  'render' is defined but never used  @typescript-eslint/no-unused-vars
  3:18  warning  'screen' is defined but never used  @typescript-eslint/no-unused-vars

/workspaces/Vfide/frontend/__tests__/e2e-smoke-tests.test.tsx
  427:13  warning  'recoveryDelay' is assigned a value but never used  @typescript-eslint/no-unused-vars
  464:13  warning  'total' is assigned a value but never used          @typescript-eslint/no-unused-vars

/workspaces/Vfide/frontend/__tests__/gamification.test.tsx
  119:13  warning  'rarityOrder' is assigned a value but never used  @typescript-eslint/no-unused-vars

/workspaces/Vfide/frontend/__tests__/governance-enhanced.test.tsx
  6:10  warning  'render' is defined but never used     @typescript-eslint/no-unused-vars
  6:18  warning  'screen' is defined but never used     @typescript-eslint/no-unused-vars
  6:26  warning  'fireEvent' is defined but never used  @typescript-eslint/no-unused-vars
  6:37  warning  'waitFor' is defined but never used    @typescript-eslint/no-unused-vars

/workspaces/Vfide/frontend/__tests__/governance-integration.test.tsx
   27:44  warning  Expected an assignment or function call and instead saw an expression  @typescript-eslint/no-unused-expressions
   28:50  warning  Expected an assignment or function call and instead saw an expression  @typescript-eslint/no-unused-expressions
   29:56  warning  Expected an assignment or function call and instead saw an expression  @typescript-eslint/no-unused-expressions
   30:71  warning  Expected an assignment or function call and instead saw an expression  @typescript-eslint/no-unused-expressions
   90:13  warning  'votingEnded' is assigned a value but never used                       @typescript-eslint/no-unused-vars
  240:13  warning  'oneDayLater' is assigned a value but never used                       @typescript-eslint/no-unused-vars

/workspaces/Vfide/frontend/__tests__/integration-coverage.test.ts
  197:47  error  Unexpected any. Specify a different type  @typescript-eslint/no-explicit-any
  297:31  error  Unexpected any. Specify a different type  @typescript-eslint/no-explicit-any
  339:28  error  Unexpected any. Specify a different type  @typescript-eslint/no-explicit-any
  358:51  error  Unexpected any. Specify a different type  @typescript-eslint/no-explicit-any

/workspaces/Vfide/frontend/app/endorsements/page.tsx
   7:27  warning  'User' is defined but never used                                                                                                                                                                                                            @typescript-eslint/no-unused-vars
  58:9   warning  The 'endorsers' logical expression could make the dependencies of useMemo Hook (at line 71) change on every render. Move it inside the useMemo callback. Alternatively, wrap the initialization of 'endorsers' in its own useMemo() Hook    react-hooks/exhaustive-deps
  59:9   warning  The 'weights' logical expression could make the dependencies of useMemo Hook (at line 71) change on every render. Move it inside the useMemo callback. Alternatively, wrap the initialization of 'weights' in its own useMemo() Hook        react-hooks/exhaustive-deps
  60:9   warning  The 'expiries' logical expression could make the dependencies of useMemo Hook (at line 71) change on every render. Move it inside the useMemo callback. Alternatively, wrap the initialization of 'expiries' in its own useMemo() Hook      react-hooks/exhaustive-deps
  61:9   warning  The 'timestamps' logical expression could make the dependencies of useMemo Hook (at line 71) change on every render. Move it inside the useMemo callback. Alternatively, wrap the initialization of 'timestamps' in its own useMemo() Hook  react-hooks/exhaustive-deps

/workspaces/Vfide/frontend/app/enterprise/page.tsx
  268:20  warning  'isConnected' is defined but never used  @typescript-eslint/no-unused-vars

/workspaces/Vfide/frontend/app/explorer/[id]/page.tsx
  22:11  warning  'score' is assigned a value but never used  @typescript-eslint/no-unused-vars

/workspaces/Vfide/frontend/app/explorer/layout.tsx
  3:8  warning  'Link' is defined but never used  @typescript-eslint/no-unused-vars

/workspaces/Vfide/frontend/app/governance/page.tsx
   101:7  error    Error: Calling setState synchronously within an effect can trigger cascading renders

Effects are intended to synchronize state between React and external systems such as manually updating the DOM, state management libraries, or other platform APIs. In general, the body of an effect should do one or both of the following:
* Update external systems with the latest state from React.
* Subscribe for updates from some external system, calling setState in a callback function when external state changes.

Calling setState synchronously within an effect body causes cascading renders that can hurt performance, and is not recommended. (https://react.dev/learn/you-might-not-need-an-effect).

/workspaces/Vfide/frontend/app/governance/page.tsx:101:7
   99 |         variant: "default",
  100 |       });
> 101 |       setLastAction('');
      |       ^^^^^^^^^^^^^ Avoid calling setState() directly within an effect
  102 |     }
  103 |   }, [isSuccess, toast, lastAction]);
  104 |  react-hooks/set-state-in-effect
  2208:6  warning  React Hook useEffect has a missing dependency: 'validateForm'. Either include it or remove the dependency array                                                                                                                                                                                                                                                                                                                                                                                                                                                                                                                                                                                                                                                                                                                                                                                                                                                                                                        react-hooks/exhaustive-deps

/workspaces/Vfide/frontend/app/leaderboard/page.tsx
  30:6  warning  'LeaderboardEntry' is defined but never used  @typescript-eslint/no-unused-vars

/workspaces/Vfide/frontend/app/payroll/page.tsx
  217:51  error    Unexpected any. Specify a different type                                                                                  @typescript-eslint/no-explicit-any
  221:56  error    Unexpected any. Specify a different type                                                                                  @typescript-eslint/no-explicit-any
  381:6   warning  React Hook useEffect has missing dependencies: 'getRole' and 'toast'. Either include them or remove the dependency array  react-hooks/exhaustive-deps
  411:6   warning  React Hook useMemo has a missing dependency: 'getRole'. Either include it or remove the dependency array                  react-hooks/exhaustive-deps

/workspaces/Vfide/frontend/app/rewards/page.tsx
   41:7   warning  'LIQUIDITY_INCENTIVES_ABI' is assigned a value but never used  @typescript-eslint/no-unused-vars
  998:21  warning  'qrData' is assigned a value but never used                    @typescript-eslint/no-unused-vars

/workspaces/Vfide/frontend/app/sanctum/page.tsx
   38:11  warning  'address' is assigned a value but never used    @typescript-eslint/no-unused-vars
   45:38  warning  'isPending' is assigned a value but never used  @typescript-eslint/no-unused-vars
  428:64  warning  'nextProposalId' is defined but never used      @typescript-eslint/no-unused-vars

/workspaces/Vfide/frontend/app/subscriptions/page.tsx
   26:7  warning  'VFIDE_TOKEN_ADDRESS' is assigned a value but never used  @typescript-eslint/no-unused-vars
  122:9  warning  'formatAmount' is assigned a value but never used         @typescript-eslint/no-unused-vars
  123:9  warning  'parseAmount' is assigned a value but never used          @typescript-eslint/no-unused-vars

/workspaces/Vfide/frontend/app/vault/page.tsx
  242:47  error  Unexpected any. Specify a different type  @typescript-eslint/no-explicit-any
  243:40  error  Unexpected any. Specify a different type  @typescript-eslint/no-explicit-any

/workspaces/Vfide/frontend/components/__tests__/DemoModeBanner.test.tsx
  14:10  error  Unexpected any. Specify a different type  @typescript-eslint/no-explicit-any
  25:10  error  Unexpected any. Specify a different type  @typescript-eslint/no-explicit-any
  36:10  error  Unexpected any. Specify a different type  @typescript-eslint/no-explicit-any
  46:10  error  Unexpected any. Specify a different type  @typescript-eslint/no-explicit-any
  56:10  error  Unexpected any. Specify a different type  @typescript-eslint/no-explicit-any

/workspaces/Vfide/frontend/components/gamification/ActivityFeed.tsx
  73:18  error  Error: Cannot call impure function during render

`Date.now` is an impure function. Calling an impure function can produce unstable results that update unpredictably when the component happens to re-render. (https://react.dev/reference/rules/components-and-hooks-must-be-pure#components-and-hooks-must-be-idempotent).

/workspaces/Vfide/frontend/components/gamification/ActivityFeed.tsx:73:18
  71 |
  72 |   const formatTime = (timestamp: number) => {
> 73 |     const diff = Date.now() - timestamp
     |                  ^^^^^^^^^^ Cannot call impure function
  74 |     const minutes = Math.floor(diff / 1000 / 60)
  75 |     if (minutes < 1) return 'Just now'
  76 |     if (minutes < 60) return `${minutes}m ago`  react-hooks/purity

/workspaces/Vfide/frontend/components/governance/TimelockQueue.tsx
   97:7   error  Error: Calling setState synchronously within an effect can trigger cascading renders

Effects are intended to synchronize state between React and external systems such as manually updating the DOM, state management libraries, or other platform APIs. In general, the body of an effect should do one or both of the following:
* Update external systems with the latest state from React.
* Subscribe for updates from some external system, calling setState in a callback function when external state changes.

Calling setState synchronously within an effect body causes cascading renders that can hurt performance, and is not recommended. (https://react.dev/learn/you-might-not-need-an-effect).

/workspaces/Vfide/frontend/components/governance/TimelockQueue.tsx:97:7
   95 |       });
   96 |       refetchQueue();
>  97 |       setSelectedTx(null);
      |       ^^^^^^^^^^^^^ Avoid calling setState() directly within an effect
   98 |     }
   99 |   }, [isExecuteSuccess, toast, refetchQueue]);
  100 |  react-hooks/set-state-in-effect
  109:7   error  Error: Calling setState synchronously within an effect can trigger cascading renders

Effects are intended to synchronize state between React and external systems such as manually updating the DOM, state management libraries, or other platform APIs. In general, the body of an effect should do one or both of the following:
* Update external systems with the latest state from React.
* Subscribe for updates from some external system, calling setState in a callback function when external state changes.

Calling setState synchronously within an effect body causes cascading renders that can hurt performance, and is not recommended. (https://react.dev/learn/you-might-not-need-an-effect).

/workspaces/Vfide/frontend/components/governance/TimelockQueue.tsx:109:7
  107 |       });
  108 |       refetchQueue();
> 109 |       setSelectedTx(null);
      |       ^^^^^^^^^^^^^ Avoid calling setState() directly within an effect
  110 |     }
  111 |   }, [isCancelSuccess, toast, refetchQueue]);
  112 |  react-hooks/set-state-in-effect
  224:26  error  Error: Cannot call impure function during render

`Date.now` is an impure function. Calling an impure function can produce unstable results that update unpredictably when the component happens to re-render. (https://react.dev/reference/rules/components-and-hooks-must-be-pure#components-and-hooks-must-be-idempotent).

/workspaces/Vfide/frontend/components/governance/TimelockQueue.tsx:224:26
  222 |   onSelect: (tx: QueuedTransaction) => void;
  223 | }) {
> 224 |   const now = Math.floor(Date.now() / 1000);
      |                          ^^^^^^^^^^ Cannot call impure function
  225 |   const eta = Number(tx.eta);
  226 |   const timeUntilExecutable = eta - now;
  227 |   const isExecutable = timeUntilExecutable <= 0 && !tx.done && !tx.expired;                                                                                                                                                                                                                                                         react-hooks/purity
  318:26  error  Error: Cannot call impure function during render

`Date.now` is an impure function. Calling an impure function can produce unstable results that update unpredictably when the component happens to re-render. (https://react.dev/reference/rules/components-and-hooks-must-be-pure#components-and-hooks-must-be-idempotent).

/workspaces/Vfide/frontend/components/governance/TimelockQueue.tsx:318:26
  316 |   onCancel: (id: string) => void;
  317 | }) {
> 318 |   const now = Math.floor(Date.now() / 1000);
      |                          ^^^^^^^^^^ Cannot call impure function
  319 |   const eta = Number(tx.eta);
  320 |   const isExecutable = eta <= now && !tx.done && !tx.expired;
  321 |                                                                                                                                                                                                                                                                                                                           react-hooks/purity

/workspaces/Vfide/frontend/components/trust/BecomeMentorCard.tsx
  19:10  warning  'now' is assigned a value but never used  @typescript-eslint/no-unused-vars

/workspaces/Vfide/frontend/components/trust/EndorsementCard.tsx
  5:17  warning  'Users' is defined but never used  @typescript-eslint/no-unused-vars
  5:24  warning  'Clock' is defined but never used  @typescript-eslint/no-unused-vars

/workspaces/Vfide/frontend/components/ui/TransactionPreview.tsx
  33:21  warning  'formatGasUsd' is assigned a value but never used  @typescript-eslint/no-unused-vars

/workspaces/Vfide/frontend/components/ui/__tests__/DashboardCards.test.tsx
  126:13  warning  'container' is assigned a value but never used  @typescript-eslint/no-unused-vars
  150:13  warning  'container' is assigned a value but never used  @typescript-eslint/no-unused-vars
  225:13  warning  'container' is assigned a value but never used  @typescript-eslint/no-unused-vars

/workspaces/Vfide/frontend/components/ui/__tests__/Skeleton.test.tsx
  1:18  warning  'screen' is defined but never used  @typescript-eslint/no-unused-vars

/workspaces/Vfide/frontend/components/ui/__tests__/dialog.test.tsx
  10:3  warning  'DialogOverlay' is defined but never used  @typescript-eslint/no-unused-vars
  11:3  warning  'DialogClose' is defined but never used    @typescript-eslint/no-unused-vars
  12:3  warning  'DialogPortal' is defined but never used   @typescript-eslint/no-unused-vars

/workspaces/Vfide/frontend/components/ui/__tests__/progress.test.tsx
  1:18  warning  'screen' is defined but never used  @typescript-eslint/no-unused-vars

/workspaces/Vfide/frontend/coverage/lcov-report/block-navigation.js
  1:1  warning  Unused eslint-disable directive (no problems were reported)

/workspaces/Vfide/frontend/hooks/__tests__/useMerchantStatus.test.ts
  20:10  error  Unexpected any. Specify a different type  @typescript-eslint/no-explicit-any
  36:10  error  Unexpected any. Specify a different type  @typescript-eslint/no-explicit-any
  50:10  error  Unexpected any. Specify a different type  @typescript-eslint/no-explicit-any
  65:10  error  Unexpected any. Specify a different type  @typescript-eslint/no-explicit-any
  80:10  error  Unexpected any. Specify a different type  @typescript-eslint/no-explicit-any
  92:10  error  Unexpected any. Specify a different type  @typescript-eslint/no-explicit-any

/workspaces/Vfide/frontend/hooks/__tests__/useVFIDEBalance.test.ts
  20:10  error  Unexpected any. Specify a different type  @typescript-eslint/no-explicit-any
  36:10  error  Unexpected any. Specify a different type  @typescript-eslint/no-explicit-any
  51:10  error  Unexpected any. Specify a different type  @typescript-eslint/no-explicit-any
  65:10  error  Unexpected any. Specify a different type  @typescript-eslint/no-explicit-any
  77:10  error  Unexpected any. Specify a different type  @typescript-eslint/no-explicit-any

/workspaces/Vfide/frontend/hooks/__tests__/useVaultHooks.test.ts
    1:27  warning  'waitFor' is defined but never used                   @typescript-eslint/no-unused-vars
  506:11  warning  'guardianAddress' is assigned a value but never used  @typescript-eslint/no-unused-vars
  507:9   warning  'response' is assigned a value but never used         @typescript-eslint/no-unused-vars

/workspaces/Vfide/frontend/hooks/useBadgeHooks.ts
   5:28  warning  'SeerABI' is defined but never used                 @typescript-eslint/no-unused-vars
  18:9   warning  'targetAddress' is assigned a value but never used  @typescript-eslint/no-unused-vars

/workspaces/Vfide/frontend/hooks/useVaultRecovery.ts
  110:7   error    Error: Calling setState synchronously within an effect can trigger cascading renders

Effects are intended to synchronize state between React and external systems such as manually updating the DOM, state management libraries, or other platform APIs. In general, the body of an effect should do one or both of the following:
* Update external systems with the latest state from React.
* Subscribe for updates from some external system, calling setState in a callback function when external state changes.

Calling setState synchronously within an effect body causes cascading renders that can hurt performance, and is not recommended. (https://react.dev/learn/you-might-not-need-an-effect).

/workspaces/Vfide/frontend/hooks/useVaultRecovery.ts:110:7
  108 |       const daysRemaining = Math.max(0, Math.ceil((expiryMs - now) / (24 * 60 * 60 * 1000)));
  109 |       
> 110 |       setRecoveryStatus({
      |       ^^^^^^^^^^^^^^^^^ Avoid calling setState() directly within an effect
  111 |         isActive: expiryMs > now,
  112 |         proposedOwner: candidate,
  113 |         approvals: approvals || 0,  react-hooks/set-state-in-effect
  182:38  warning  '_kinAddress' is defined but never used                                                                                                                                                                                                                                                                                                                                                                                                                                                                                                                                                                                                                                                                                                                                                                                                                                                                                                                                                                                                                                                                                                                 @typescript-eslint/no-unused-vars

/workspaces/Vfide/frontend/jest.config.js
  1:18  error  A `require()` style import is forbidden  @typescript-eslint/no-require-imports

/workspaces/Vfide/frontend/lib/__tests__/utils.test.ts
  92:11  warning  'originalGetItem' is assigned a value but never used  @typescript-eslint/no-unused-vars

✖ 89 problems (32 errors, 57 warnings)
  0 errors and 1 warning potentially fixable with the `--fix` option.

